<?xml version="1.0" encoding="UTF-8"?>
<!-- Generated by org.testng.reporters.JUnitReportReporter -->
<testsuite skipped="0" hostname="ef862368c833" name="com.searchmodule.test.SearchTest" tests="3" failures="0" timestamp="2022-03-17T11:24:56 GMT" time="9.939" errors="0">
  <testcase name="search" time="3.424" classname="com.searchmodule.test.SearchTest"/>
  <system-out/>
  <testcase name="search" time="3.329" classname="com.searchmodule.test.SearchTest"/>
  <system-out/>
  <testcase name="search" time="3.186" classname="com.searchmodule.test.SearchTest"/>
  <system-out/>
</testsuite> <!-- com.searchmodule.test.SearchTest -->
